{"C:\\Users\\SERGIO SIERRA\\Documents\\HolyFolder\\Software Development\\From Other Persons\\API-Spotify-LeiferMendez\\app.js": {"path":"C:\\Users\\SERGIO SIERRA\\Documents\\HolyFolder\\Software Development\\From Other Persons\\API-Spotify-LeiferMendez\\app.js","statementMap":{"0":{"start":{"line":1,"column":0},"end":{"line":1,"column":27}},"1":{"start":{"line":2,"column":16},"end":{"line":2,"column":34}},"2":{"start":{"line":3,"column":18},"end":{"line":3,"column":47}},"3":{"start":{"line":5,"column":13},"end":{"line":5,"column":28}},"4":{"start":{"line":6,"column":12},"end":{"line":6,"column":21}},"5":{"start":{"line":7,"column":23},"end":{"line":7,"column":62}},"6":{"start":{"line":8,"column":20},"end":{"line":8,"column":57}},"7":{"start":{"line":9,"column":0},"end":{"line":9,"column":16}},"8":{"start":{"line":10,"column":0},"end":{"line":10,"column":24}},"9":{"start":{"line":11,"column":0},"end":{"line":11,"column":35}},"10":{"start":{"line":13,"column":17},"end":{"line":13,"column":37}},"11":{"start":{"line":14,"column":13},"end":{"line":14,"column":37}},"12":{"start":{"line":19,"column":0},"end":{"line":19,"column":68}},"13":{"start":{"line":24,"column":0},"end":{"line":24,"column":41}},"14":{"start":{"line":26,"column":0},"end":{"line":30,"column":1}},"15":{"start":{"line":27,"column":2},"end":{"line":29,"column":2}},"16":{"start":{"line":28,"column":2},"end":{"line":28,"column":87}},"17":{"start":{"line":33,"column":0},"end":{"line":33,"column":17}},"18":{"start":{"line":35,"column":0},"end":{"line":35,"column":21}}},"fnMap":{"0":{"name":"(anonymous_0)","decl":{"start":{"line":27,"column":19},"end":{"line":27,"column":20}},"loc":{"start":{"line":28,"column":2},"end":{"line":28,"column":87}},"line":28}},"branchMap":{"0":{"loc":{"start":{"line":14,"column":13},"end":{"line":14,"column":37}},"type":"binary-expr","locations":[{"start":{"line":14,"column":13},"end":{"line":14,"column":29}},{"start":{"line":14,"column":33},"end":{"line":14,"column":37}}],"line":14},"1":{"loc":{"start":{"line":26,"column":0},"end":{"line":30,"column":1}},"type":"if","locations":[{"start":{"line":26,"column":0},"end":{"line":30,"column":1}},{"start":{},"end":{}}],"line":26}},"s":{"0":1,"1":1,"2":1,"3":1,"4":1,"5":1,"6":1,"7":1,"8":1,"9":1,"10":1,"11":1,"12":1,"13":1,"14":1,"15":0,"16":0,"17":1,"18":1},"f":{"0":0},"b":{"0":[1,0],"1":[0,1]},"_coverageSchema":"1a1c01bbd47fc00a2c39e90264f33305004495a9","hash":"8d3f48f50744602284f209b17512cf7ef47796a9"}
,"C:\\Users\\SERGIO SIERRA\\Documents\\HolyFolder\\Software Development\\From Other Persons\\API-Spotify-LeiferMendez\\src\\backend\\database\\mongo.js": {"path":"C:\\Users\\SERGIO SIERRA\\Documents\\HolyFolder\\Software Development\\From Other Persons\\API-Spotify-LeiferMendez\\src\\backend\\database\\mongo.js","statementMap":{"0":{"start":{"line":1,"column":17},"end":{"line":1,"column":36}},"1":{"start":{"line":3,"column":18},"end":{"line":15,"column":1}},"2":{"start":{"line":4,"column":19},"end":{"line":4,"column":42}},"3":{"start":{"line":5,"column":4},"end":{"line":14,"column":6}},"4":{"start":{"line":9,"column":8},"end":{"line":13,"column":9}},"5":{"start":{"line":10,"column":12},"end":{"line":10,"column":54}},"6":{"start":{"line":12,"column":12},"end":{"line":12,"column":55}},"7":{"start":{"line":17,"column":0},"end":{"line":17,"column":26}}},"fnMap":{"0":{"name":"(anonymous_0)","decl":{"start":{"line":3,"column":18},"end":{"line":3,"column":19}},"loc":{"start":{"line":3,"column":24},"end":{"line":15,"column":1}},"line":3},"1":{"name":"(anonymous_1)","decl":{"start":{"line":8,"column":7},"end":{"line":8,"column":8}},"loc":{"start":{"line":8,"column":21},"end":{"line":14,"column":5}},"line":8}},"branchMap":{"0":{"loc":{"start":{"line":9,"column":8},"end":{"line":13,"column":9}},"type":"if","locations":[{"start":{"line":9,"column":8},"end":{"line":13,"column":9}},{"start":{"line":11,"column":15},"end":{"line":13,"column":9}}],"line":9}},"s":{"0":1,"1":1,"2":1,"3":1,"4":1,"5":1,"6":0,"7":1},"f":{"0":1,"1":1},"b":{"0":[1,0]},"_coverageSchema":"1a1c01bbd47fc00a2c39e90264f33305004495a9","hash":"1c7d5cf413441c0dadc16dd430bb40c409997ce5"}
,"C:\\Users\\SERGIO SIERRA\\Documents\\HolyFolder\\Software Development\\From Other Persons\\API-Spotify-LeiferMendez\\src\\backend\\database\\paginationParams.js": {"path":"C:\\Users\\SERGIO SIERRA\\Documents\\HolyFolder\\Software Development\\From Other Persons\\API-Spotify-LeiferMendez\\src\\backend\\database\\paginationParams.js","statementMap":{"0":{"start":{"line":1,"column":31},"end":{"line":1,"column":62}},"1":{"start":{"line":3,"column":18},"end":{"line":5,"column":1}},"2":{"start":{"line":4,"column":4},"end":{"line":4,"column":46}},"3":{"start":{"line":7,"column":0},"end":{"line":7,"column":26}}},"fnMap":{"0":{"name":"(anonymous_0)","decl":{"start":{"line":3,"column":18},"end":{"line":3,"column":19}},"loc":{"start":{"line":3,"column":27},"end":{"line":5,"column":1}},"line":3}},"branchMap":{},"s":{"0":1,"1":1,"2":0,"3":1},"f":{"0":0},"b":{},"_coverageSchema":"1a1c01bbd47fc00a2c39e90264f33305004495a9","hash":"6485c6c033d937c81ef4293967e3b675df0809ab"}
,"C:\\Users\\SERGIO SIERRA\\Documents\\HolyFolder\\Software Development\\From Other Persons\\API-Spotify-LeiferMendez\\src\\backend\\docs\\swagger.js": {"path":"C:\\Users\\SERGIO SIERRA\\Documents\\HolyFolder\\Software Development\\From Other Persons\\API-Spotify-LeiferMendez\\src\\backend\\docs\\swagger.js","statementMap":{"0":{"start":{"line":1,"column":21},"end":{"line":1,"column":45}},"1":{"start":{"line":3,"column":16},"end":{"line":32,"column":1}},"2":{"start":{"line":34,"column":29},"end":{"line":34,"column":50}},"3":{"start":{"line":35,"column":0},"end":{"line":35,"column":33}},"4":{"start":{"line":37,"column":0},"end":{"line":37,"column":38}}},"fnMap":{},"branchMap":{},"s":{"0":1,"1":1,"2":1,"3":1,"4":1},"f":{},"b":{},"_coverageSchema":"1a1c01bbd47fc00a2c39e90264f33305004495a9","hash":"a2091aaa9f1a7e9a68b5f11b62dff6adead20487"}
,"C:\\Users\\SERGIO SIERRA\\Documents\\HolyFolder\\Software Development\\From Other Persons\\API-Spotify-LeiferMendez\\src\\backend\\middleware\\auth.js": {"path":"C:\\Users\\SERGIO SIERRA\\Documents\\HolyFolder\\Software Development\\From Other Persons\\API-Spotify-LeiferMendez\\src\\backend\\middleware\\auth.js","statementMap":{"0":{"start":{"line":1,"column":24},"end":{"line":1,"column":60}},"1":{"start":{"line":2,"column":49},"end":{"line":2,"column":86}},"2":{"start":{"line":4,"column":18},"end":{"line":20,"column":1}},"3":{"start":{"line":5,"column":2},"end":{"line":19,"column":3}},"4":{"start":{"line":6,"column":4},"end":{"line":9,"column":5}},"5":{"start":{"line":7,"column":8},"end":{"line":7,"column":51}},"6":{"start":{"line":8,"column":6},"end":{"line":8,"column":13}},"7":{"start":{"line":10,"column":18},"end":{"line":10,"column":60}},"8":{"start":{"line":11,"column":22},"end":{"line":11,"column":46}},"9":{"start":{"line":12,"column":4},"end":{"line":16,"column":5}},"10":{"start":{"line":13,"column":6},"end":{"line":13,"column":13}},"11":{"start":{"line":15,"column":6},"end":{"line":15,"column":49}},"12":{"start":{"line":18,"column":4},"end":{"line":18,"column":28}},"13":{"start":{"line":22,"column":0},"end":{"line":22,"column":27}}},"fnMap":{"0":{"name":"(anonymous_0)","decl":{"start":{"line":4,"column":18},"end":{"line":4,"column":19}},"loc":{"start":{"line":4,"column":44},"end":{"line":20,"column":1}},"line":4}},"branchMap":{"0":{"loc":{"start":{"line":6,"column":4},"end":{"line":9,"column":5}},"type":"if","locations":[{"start":{"line":6,"column":4},"end":{"line":9,"column":5}},{"start":{},"end":{}}],"line":6},"1":{"loc":{"start":{"line":12,"column":4},"end":{"line":16,"column":5}},"type":"if","locations":[{"start":{"line":12,"column":4},"end":{"line":16,"column":5}},{"start":{"line":14,"column":11},"end":{"line":16,"column":5}}],"line":12}},"s":{"0":1,"1":1,"2":1,"3":0,"4":0,"5":0,"6":0,"7":0,"8":0,"9":0,"10":0,"11":0,"12":0,"13":1},"f":{"0":0},"b":{"0":[0,0],"1":[0,0]},"_coverageSchema":"1a1c01bbd47fc00a2c39e90264f33305004495a9","hash":"f6436891ea625973f9c0000d3724c614fc7439fb"}
,"C:\\Users\\SERGIO SIERRA\\Documents\\HolyFolder\\Software Development\\From Other Persons\\API-Spotify-LeiferMendez\\src\\backend\\middleware\\rol.js": {"path":"C:\\Users\\SERGIO SIERRA\\Documents\\HolyFolder\\Software Development\\From Other Persons\\API-Spotify-LeiferMendez\\src\\backend\\middleware\\rol.js","statementMap":{"0":{"start":{"line":1,"column":24},"end":{"line":1,"column":60}},"1":{"start":{"line":2,"column":32},"end":{"line":2,"column":69}},"2":{"start":{"line":3,"column":22},"end":{"line":3,"column":51}},"3":{"start":{"line":5,"column":22},"end":{"line":23,"column":1}},"4":{"start":{"line":5,"column":33},"end":{"line":23,"column":1}},"5":{"start":{"line":6,"column":2},"end":{"line":22,"column":3}},"6":{"start":{"line":7,"column":4},"end":{"line":10,"column":5}},"7":{"start":{"line":8,"column":6},"end":{"line":8,"column":49}},"8":{"start":{"line":9,"column":6},"end":{"line":9,"column":13}},"9":{"start":{"line":11,"column":18},"end":{"line":11,"column":60}},"10":{"start":{"line":12,"column":22},"end":{"line":12,"column":46}},"11":{"start":{"line":13,"column":21},"end":{"line":13,"column":60}},"12":{"start":{"line":15,"column":4},"end":{"line":19,"column":5}},"13":{"start":{"line":16,"column":6},"end":{"line":16,"column":13}},"14":{"start":{"line":18,"column":6},"end":{"line":18,"column":47}},"15":{"start":{"line":21,"column":4},"end":{"line":21,"column":28}},"16":{"start":{"line":25,"column":0},"end":{"line":25,"column":31}}},"fnMap":{"0":{"name":"(anonymous_0)","decl":{"start":{"line":5,"column":22},"end":{"line":5,"column":23}},"loc":{"start":{"line":5,"column":33},"end":{"line":23,"column":1}},"line":5},"1":{"name":"(anonymous_1)","decl":{"start":{"line":5,"column":33},"end":{"line":5,"column":34}},"loc":{"start":{"line":5,"column":59},"end":{"line":23,"column":1}},"line":5}},"branchMap":{"0":{"loc":{"start":{"line":7,"column":4},"end":{"line":10,"column":5}},"type":"if","locations":[{"start":{"line":7,"column":4},"end":{"line":10,"column":5}},{"start":{},"end":{}}],"line":7},"1":{"loc":{"start":{"line":15,"column":4},"end":{"line":19,"column":5}},"type":"if","locations":[{"start":{"line":15,"column":4},"end":{"line":19,"column":5}},{"start":{"line":17,"column":11},"end":{"line":19,"column":5}}],"line":15}},"s":{"0":1,"1":1,"2":1,"3":1,"4":1,"5":0,"6":0,"7":0,"8":0,"9":0,"10":0,"11":0,"12":0,"13":0,"14":0,"15":0,"16":1},"f":{"0":1,"1":0},"b":{"0":[0,0],"1":[0,0]},"_coverageSchema":"1a1c01bbd47fc00a2c39e90264f33305004495a9","hash":"ca6a6cb0b35270c38591c1cc588f31d7b3cb6717"}
,"C:\\Users\\SERGIO SIERRA\\Documents\\HolyFolder\\Software Development\\From Other Persons\\API-Spotify-LeiferMendez\\src\\backend\\validators\\auth.js": {"path":"C:\\Users\\SERGIO SIERRA\\Documents\\HolyFolder\\Software Development\\From Other Persons\\API-Spotify-LeiferMendez\\src\\backend\\validators\\auth.js","statementMap":{"0":{"start":{"line":1,"column":18},"end":{"line":1,"column":46}},"1":{"start":{"line":2,"column":27},"end":{"line":2,"column":68}},"2":{"start":{"line":3,"column":22},"end":{"line":9,"column":1}},"3":{"start":{"line":7,"column":4},"end":{"line":7,"column":35}},"4":{"start":{"line":11,"column":25},"end":{"line":19,"column":1}},"5":{"start":{"line":17,"column":4},"end":{"line":17,"column":35}},"6":{"start":{"line":21,"column":0},"end":{"line":21,"column":53}}},"fnMap":{"0":{"name":"(anonymous_0)","decl":{"start":{"line":6,"column":2},"end":{"line":6,"column":3}},"loc":{"start":{"line":6,"column":22},"end":{"line":8,"column":3}},"line":6},"1":{"name":"(anonymous_1)","decl":{"start":{"line":16,"column":2},"end":{"line":16,"column":3}},"loc":{"start":{"line":16,"column":22},"end":{"line":18,"column":3}},"line":16}},"branchMap":{},"s":{"0":1,"1":1,"2":1,"3":1,"4":1,"5":0,"6":1},"f":{"0":1,"1":0},"b":{},"_coverageSchema":"1a1c01bbd47fc00a2c39e90264f33305004495a9","hash":"12203c0e001901e76ca8655492a63c0abd7ee652"}
,"C:\\Users\\SERGIO SIERRA\\Documents\\HolyFolder\\Software Development\\From Other Persons\\API-Spotify-LeiferMendez\\src\\backend\\validators\\storage.js": {"path":"C:\\Users\\SERGIO SIERRA\\Documents\\HolyFolder\\Software Development\\From Other Persons\\API-Spotify-LeiferMendez\\src\\backend\\validators\\storage.js","statementMap":{"0":{"start":{"line":1,"column":18},"end":{"line":1,"column":46}},"1":{"start":{"line":2,"column":27},"end":{"line":2,"column":68}},"2":{"start":{"line":3,"column":19},"end":{"line":8,"column":1}},"3":{"start":{"line":6,"column":4},"end":{"line":6,"column":35}},"4":{"start":{"line":10,"column":0},"end":{"line":10,"column":32}}},"fnMap":{"0":{"name":"(anonymous_0)","decl":{"start":{"line":5,"column":2},"end":{"line":5,"column":3}},"loc":{"start":{"line":5,"column":22},"end":{"line":7,"column":3}},"line":5}},"branchMap":{},"s":{"0":1,"1":1,"2":1,"3":0,"4":1},"f":{"0":0},"b":{},"_coverageSchema":"1a1c01bbd47fc00a2c39e90264f33305004495a9","hash":"67677f1122486840bff35d8e548d58fc66b878df"}
,"C:\\Users\\SERGIO SIERRA\\Documents\\HolyFolder\\Software Development\\From Other Persons\\API-Spotify-LeiferMendez\\src\\backend\\validators\\tracks.js": {"path":"C:\\Users\\SERGIO SIERRA\\Documents\\HolyFolder\\Software Development\\From Other Persons\\API-Spotify-LeiferMendez\\src\\backend\\validators\\tracks.js","statementMap":{"0":{"start":{"line":1,"column":18},"end":{"line":1,"column":46}},"1":{"start":{"line":2,"column":27},"end":{"line":2,"column":68}},"2":{"start":{"line":3,"column":33},"end":{"line":17,"column":1}},"3":{"start":{"line":15,"column":4},"end":{"line":15,"column":35}},"4":{"start":{"line":19,"column":33},"end":{"line":34,"column":1}},"5":{"start":{"line":32,"column":4},"end":{"line":32,"column":35}},"6":{"start":{"line":36,"column":19},"end":{"line":41,"column":1}},"7":{"start":{"line":39,"column":4},"end":{"line":39,"column":35}},"8":{"start":{"line":43,"column":0},"end":{"line":43,"column":84}}},"fnMap":{"0":{"name":"(anonymous_0)","decl":{"start":{"line":14,"column":2},"end":{"line":14,"column":3}},"loc":{"start":{"line":14,"column":22},"end":{"line":16,"column":3}},"line":14},"1":{"name":"(anonymous_1)","decl":{"start":{"line":31,"column":2},"end":{"line":31,"column":3}},"loc":{"start":{"line":31,"column":22},"end":{"line":33,"column":3}},"line":31},"2":{"name":"(anonymous_2)","decl":{"start":{"line":38,"column":2},"end":{"line":38,"column":3}},"loc":{"start":{"line":38,"column":22},"end":{"line":40,"column":3}},"line":38}},"branchMap":{},"s":{"0":1,"1":1,"2":1,"3":0,"4":1,"5":0,"6":1,"7":0,"8":1},"f":{"0":0,"1":0,"2":0},"b":{},"_coverageSchema":"1a1c01bbd47fc00a2c39e90264f33305004495a9","hash":"64fd516fa8a2c2b39f79a762c185c753b702878b"}
,"C:\\Users\\SERGIO SIERRA\\Documents\\HolyFolder\\Software Development\\From Other Persons\\API-Spotify-LeiferMendez\\src\\controllers\\auth.js": {"path":"C:\\Users\\SERGIO SIERRA\\Documents\\HolyFolder\\Software Development\\From Other Persons\\API-Spotify-LeiferMendez\\src\\controllers\\auth.js","statementMap":{"0":{"start":{"line":1,"column":29},"end":{"line":1,"column":66}},"1":{"start":{"line":2,"column":47},"end":{"line":2,"column":81}},"2":{"start":{"line":3,"column":22},"end":{"line":3,"column":55}},"3":{"start":{"line":4,"column":22},"end":{"line":4,"column":48}},"4":{"start":{"line":5,"column":24},"end":{"line":5,"column":52}},"5":{"start":{"line":13,"column":18},"end":{"line":39,"column":1}},"6":{"start":{"line":14,"column":2},"end":{"line":38,"column":3}},"7":{"start":{"line":15,"column":17},"end":{"line":15,"column":33}},"8":{"start":{"line":16,"column":17},"end":{"line":16,"column":63}},"9":{"start":{"line":17,"column":4},"end":{"line":20,"column":5}},"10":{"start":{"line":18,"column":6},"end":{"line":18,"column":55}},"11":{"start":{"line":19,"column":6},"end":{"line":19,"column":13}},"12":{"start":{"line":21,"column":26},"end":{"line":21,"column":69}},"13":{"start":{"line":23,"column":4},"end":{"line":26,"column":5}},"14":{"start":{"line":24,"column":6},"end":{"line":24,"column":56}},"15":{"start":{"line":25,"column":6},"end":{"line":25,"column":13}},"16":{"start":{"line":28,"column":21},"end":{"line":28,"column":42}},"17":{"start":{"line":30,"column":17},"end":{"line":33,"column":5}},"18":{"start":{"line":35,"column":4},"end":{"line":35,"column":23}},"19":{"start":{"line":37,"column":4},"end":{"line":37,"column":28}},"20":{"start":{"line":47,"column":21},"end":{"line":62,"column":1}},"21":{"start":{"line":48,"column":2},"end":{"line":61,"column":3}},"22":{"start":{"line":49,"column":17},"end":{"line":49,"column":33}},"23":{"start":{"line":50,"column":25},"end":{"line":50,"column":71}},"24":{"start":{"line":51,"column":4},"end":{"line":54,"column":5}},"25":{"start":{"line":52,"column":6},"end":{"line":52,"column":51}},"26":{"start":{"line":53,"column":6},"end":{"line":53,"column":13}},"27":{"start":{"line":55,"column":21},"end":{"line":55,"column":49}},"28":{"start":{"line":56,"column":23},"end":{"line":56,"column":44}},"29":{"start":{"line":57,"column":17},"end":{"line":57,"column":51}},"30":{"start":{"line":58,"column":4},"end":{"line":58,"column":23}},"31":{"start":{"line":60,"column":4},"end":{"line":60,"column":28}},"32":{"start":{"line":64,"column":0},"end":{"line":64,"column":45}}},"fnMap":{"0":{"name":"(anonymous_0)","decl":{"start":{"line":13,"column":18},"end":{"line":13,"column":19}},"loc":{"start":{"line":13,"column":38},"end":{"line":39,"column":1}},"line":13},"1":{"name":"(anonymous_1)","decl":{"start":{"line":47,"column":21},"end":{"line":47,"column":22}},"loc":{"start":{"line":47,"column":41},"end":{"line":62,"column":1}},"line":47}},"branchMap":{"0":{"loc":{"start":{"line":17,"column":4},"end":{"line":20,"column":5}},"type":"if","locations":[{"start":{"line":17,"column":4},"end":{"line":20,"column":5}},{"start":{},"end":{}}],"line":17},"1":{"loc":{"start":{"line":23,"column":4},"end":{"line":26,"column":5}},"type":"if","locations":[{"start":{"line":23,"column":4},"end":{"line":26,"column":5}},{"start":{},"end":{}}],"line":23},"2":{"loc":{"start":{"line":51,"column":4},"end":{"line":54,"column":5}},"type":"if","locations":[{"start":{"line":51,"column":4},"end":{"line":54,"column":5}},{"start":{},"end":{}}],"line":51}},"s":{"0":1,"1":1,"2":1,"3":1,"4":1,"5":1,"6":1,"7":1,"8":1,"9":1,"10":1,"11":1,"12":0,"13":0,"14":0,"15":0,"16":0,"17":0,"18":0,"19":0,"20":1,"21":0,"22":0,"23":0,"24":0,"25":0,"26":0,"27":0,"28":0,"29":0,"30":0,"31":0,"32":1},"f":{"0":1,"1":0},"b":{"0":[1,0],"1":[0,0],"2":[0,0]},"_coverageSchema":"1a1c01bbd47fc00a2c39e90264f33305004495a9","hash":"d3fe20278db77a7b09ec612116badd08d83c70d4"}
,"C:\\Users\\SERGIO SIERRA\\Documents\\HolyFolder\\Software Development\\From Other Persons\\API-Spotify-LeiferMendez\\src\\controllers\\storage.js": {"path":"C:\\Users\\SERGIO SIERRA\\Documents\\HolyFolder\\Software Development\\From Other Persons\\API-Spotify-LeiferMendez\\src\\controllers\\storage.js","statementMap":{"0":{"start":{"line":1,"column":11},"end":{"line":1,"column":24}},"1":{"start":{"line":2,"column":24},"end":{"line":2,"column":52}},"2":{"start":{"line":3,"column":28},"end":{"line":3,"column":62}},"3":{"start":{"line":4,"column":25},"end":{"line":4,"column":53}},"4":{"start":{"line":5,"column":24},"end":{"line":5,"column":71}},"5":{"start":{"line":7,"column":19},"end":{"line":7,"column":49}},"6":{"start":{"line":8,"column":19},"end":{"line":8,"column":44}},"7":{"start":{"line":15,"column":16},"end":{"line":24,"column":1}},"8":{"start":{"line":16,"column":2},"end":{"line":23,"column":3}},"9":{"start":{"line":17,"column":4},"end":{"line":17,"column":27}},"10":{"start":{"line":18,"column":15},"end":{"line":18,"column":21}},"11":{"start":{"line":19,"column":17},"end":{"line":19,"column":48}},"12":{"start":{"line":20,"column":4},"end":{"line":20,"column":23}},"13":{"start":{"line":22,"column":4},"end":{"line":22,"column":28}},"14":{"start":{"line":31,"column":17},"end":{"line":39,"column":1}},"15":{"start":{"line":32,"column":2},"end":{"line":38,"column":3}},"16":{"start":{"line":33,"column":24},"end":{"line":33,"column":44}},"17":{"start":{"line":34,"column":17},"end":{"line":34,"column":57}},"18":{"start":{"line":35,"column":4},"end":{"line":35,"column":23}},"19":{"start":{"line":37,"column":4},"end":{"line":37,"column":28}},"20":{"start":{"line":46,"column":19},"end":{"line":58,"column":1}},"21":{"start":{"line":47,"column":2},"end":{"line":57,"column":3}},"22":{"start":{"line":48,"column":21},"end":{"line":48,"column":24}},"23":{"start":{"line":49,"column":17},"end":{"line":52,"column":5}},"24":{"start":{"line":53,"column":21},"end":{"line":53,"column":52}},"25":{"start":{"line":54,"column":4},"end":{"line":54,"column":27}},"26":{"start":{"line":56,"column":4},"end":{"line":56,"column":28}},"27":{"start":{"line":60,"column":19},"end":{"line":78,"column":1}},"28":{"start":{"line":61,"column":2},"end":{"line":77,"column":3}},"29":{"start":{"line":62,"column":4},"end":{"line":62,"column":27}},"30":{"start":{"line":63,"column":15},"end":{"line":63,"column":21}},"31":{"start":{"line":64,"column":22},"end":{"line":64,"column":53}},"32":{"start":{"line":65,"column":21},"end":{"line":65,"column":39}},"33":{"start":{"line":66,"column":4},"end":{"line":66,"column":43}},"34":{"start":{"line":67,"column":4},"end":{"line":67,"column":47}},"35":{"start":{"line":69,"column":17},"end":{"line":72,"column":5}},"36":{"start":{"line":74,"column":4},"end":{"line":74,"column":23}},"37":{"start":{"line":76,"column":4},"end":{"line":76,"column":28}},"38":{"start":{"line":80,"column":0},"end":{"line":80,"column":63}}},"fnMap":{"0":{"name":"(anonymous_0)","decl":{"start":{"line":15,"column":16},"end":{"line":15,"column":17}},"loc":{"start":{"line":15,"column":36},"end":{"line":24,"column":1}},"line":15},"1":{"name":"(anonymous_1)","decl":{"start":{"line":31,"column":17},"end":{"line":31,"column":18}},"loc":{"start":{"line":31,"column":37},"end":{"line":39,"column":1}},"line":31},"2":{"name":"(anonymous_2)","decl":{"start":{"line":46,"column":19},"end":{"line":46,"column":20}},"loc":{"start":{"line":46,"column":39},"end":{"line":58,"column":1}},"line":46},"3":{"name":"(anonymous_3)","decl":{"start":{"line":60,"column":19},"end":{"line":60,"column":20}},"loc":{"start":{"line":60,"column":39},"end":{"line":78,"column":1}},"line":60}},"branchMap":{"0":{"loc":{"start":{"line":7,"column":19},"end":{"line":7,"column":49}},"type":"binary-expr","locations":[{"start":{"line":7,"column":19},"end":{"line":7,"column":41}},{"start":{"line":7,"column":45},"end":{"line":7,"column":49}}],"line":7}},"s":{"0":1,"1":1,"2":1,"3":1,"4":1,"5":1,"6":1,"7":1,"8":0,"9":0,"10":0,"11":0,"12":0,"13":0,"14":1,"15":0,"16":0,"17":0,"18":0,"19":0,"20":1,"21":0,"22":0,"23":0,"24":0,"25":0,"26":0,"27":1,"28":0,"29":0,"30":0,"31":0,"32":0,"33":0,"34":0,"35":0,"36":0,"37":0,"38":1},"f":{"0":0,"1":0,"2":0,"3":0},"b":{"0":[1,1]},"_coverageSchema":"1a1c01bbd47fc00a2c39e90264f33305004495a9","hash":"87289a1af476313440a15c7e96800343854d88da"}
,"C:\\Users\\SERGIO SIERRA\\Documents\\HolyFolder\\Software Development\\From Other Persons\\API-Spotify-LeiferMendez\\src\\controllers\\tracks.js": {"path":"C:\\Users\\SERGIO SIERRA\\Documents\\HolyFolder\\Software Development\\From Other Persons\\API-Spotify-LeiferMendez\\src\\controllers\\tracks.js","statementMap":{"0":{"start":{"line":1,"column":17},"end":{"line":1,"column":36}},"1":{"start":{"line":2,"column":24},"end":{"line":2,"column":52}},"2":{"start":{"line":3,"column":28},"end":{"line":3,"column":62}},"3":{"start":{"line":4,"column":24},"end":{"line":4,"column":51}},"4":{"start":{"line":5,"column":24},"end":{"line":5,"column":71}},"5":{"start":{"line":12,"column":16},"end":{"line":37,"column":1}},"6":{"start":{"line":13,"column":2},"end":{"line":36,"column":3}},"7":{"start":{"line":14,"column":4},"end":{"line":14,"column":27}},"8":{"start":{"line":15,"column":15},"end":{"line":15,"column":21}},"9":{"start":{"line":16,"column":19},"end":{"line":31,"column":6}},"10":{"start":{"line":33,"column":4},"end":{"line":33,"column":23}},"11":{"start":{"line":35,"column":4},"end":{"line":35,"column":28}},"12":{"start":{"line":44,"column":17},"end":{"line":52,"column":1}},"13":{"start":{"line":45,"column":2},"end":{"line":51,"column":3}},"14":{"start":{"line":46,"column":24},"end":{"line":46,"column":44}},"15":{"start":{"line":47,"column":17},"end":{"line":47,"column":56}},"16":{"start":{"line":48,"column":4},"end":{"line":48,"column":23}},"17":{"start":{"line":50,"column":4},"end":{"line":50,"column":28}},"18":{"start":{"line":59,"column":19},"end":{"line":68,"column":1}},"19":{"start":{"line":60,"column":2},"end":{"line":67,"column":3}},"20":{"start":{"line":61,"column":4},"end":{"line":61,"column":27}},"21":{"start":{"line":62,"column":4},"end":{"line":62,"column":21}},"22":{"start":{"line":63,"column":17},"end":{"line":63,"column":46}},"23":{"start":{"line":64,"column":4},"end":{"line":64,"column":23}},"24":{"start":{"line":66,"column":4},"end":{"line":66,"column":28}},"25":{"start":{"line":75,"column":19},"end":{"line":87,"column":1}},"26":{"start":{"line":76,"column":2},"end":{"line":86,"column":3}},"27":{"start":{"line":77,"column":4},"end":{"line":77,"column":27}},"28":{"start":{"line":78,"column":28},"end":{"line":78,"column":31}},"29":{"start":{"line":80,"column":17},"end":{"line":82,"column":6}},"30":{"start":{"line":83,"column":4},"end":{"line":83,"column":23}},"31":{"start":{"line":85,"column":4},"end":{"line":85,"column":28}},"32":{"start":{"line":94,"column":19},"end":{"line":108,"column":1}},"33":{"start":{"line":95,"column":2},"end":{"line":107,"column":3}},"34":{"start":{"line":96,"column":4},"end":{"line":96,"column":27}},"35":{"start":{"line":97,"column":15},"end":{"line":97,"column":21}},"36":{"start":{"line":98,"column":21},"end":{"line":98,"column":58}},"37":{"start":{"line":99,"column":17},"end":{"line":102,"column":5}},"38":{"start":{"line":104,"column":4},"end":{"line":104,"column":23}},"39":{"start":{"line":106,"column":4},"end":{"line":106,"column":28}},"40":{"start":{"line":110,"column":0},"end":{"line":110,"column":75}}},"fnMap":{"0":{"name":"(anonymous_0)","decl":{"start":{"line":12,"column":16},"end":{"line":12,"column":17}},"loc":{"start":{"line":12,"column":36},"end":{"line":37,"column":1}},"line":12},"1":{"name":"(anonymous_1)","decl":{"start":{"line":44,"column":17},"end":{"line":44,"column":18}},"loc":{"start":{"line":44,"column":37},"end":{"line":52,"column":1}},"line":44},"2":{"name":"(anonymous_2)","decl":{"start":{"line":59,"column":19},"end":{"line":59,"column":20}},"loc":{"start":{"line":59,"column":39},"end":{"line":68,"column":1}},"line":59},"3":{"name":"(anonymous_3)","decl":{"start":{"line":75,"column":19},"end":{"line":75,"column":20}},"loc":{"start":{"line":75,"column":39},"end":{"line":87,"column":1}},"line":75},"4":{"name":"(anonymous_4)","decl":{"start":{"line":94,"column":19},"end":{"line":94,"column":20}},"loc":{"start":{"line":94,"column":39},"end":{"line":108,"column":1}},"line":94}},"branchMap":{},"s":{"0":1,"1":1,"2":1,"3":1,"4":1,"5":1,"6":0,"7":0,"8":0,"9":0,"10":0,"11":0,"12":1,"13":0,"14":0,"15":0,"16":0,"17":0,"18":1,"19":0,"20":0,"21":0,"22":0,"23":0,"24":0,"25":1,"26":0,"27":0,"28":0,"29":0,"30":0,"31":0,"32":1,"33":0,"34":0,"35":0,"36":0,"37":0,"38":0,"39":0,"40":1},"f":{"0":0,"1":0,"2":0,"3":0,"4":0},"b":{},"_coverageSchema":"1a1c01bbd47fc00a2c39e90264f33305004495a9","hash":"1454f625812db3a9300d8c3d86e5aa81636f34b2"}
,"C:\\Users\\SERGIO SIERRA\\Documents\\HolyFolder\\Software Development\\From Other Persons\\API-Spotify-LeiferMendez\\src\\models\\storage.js": {"path":"C:\\Users\\SERGIO SIERRA\\Documents\\HolyFolder\\Software Development\\From Other Persons\\API-Spotify-LeiferMendez\\src\\models\\storage.js","statementMap":{"0":{"start":{"line":1,"column":17},"end":{"line":1,"column":36}},"1":{"start":{"line":2,"column":25},"end":{"line":2,"column":56}},"2":{"start":{"line":3,"column":34},"end":{"line":3,"column":75}},"3":{"start":{"line":4,"column":22},"end":{"line":17,"column":1}},"4":{"start":{"line":18,"column":0},"end":{"line":18,"column":39}},"5":{"start":{"line":19,"column":0},"end":{"line":19,"column":48}},"6":{"start":{"line":20,"column":21},"end":{"line":20,"column":61}},"7":{"start":{"line":21,"column":0},"end":{"line":21,"column":34}}},"fnMap":{},"branchMap":{},"s":{"0":1,"1":1,"2":1,"3":1,"4":1,"5":1,"6":1,"7":1},"f":{},"b":{},"_coverageSchema":"1a1c01bbd47fc00a2c39e90264f33305004495a9","hash":"ceabf13be2a0f8cae0c365210977603228194e95"}
,"C:\\Users\\SERGIO SIERRA\\Documents\\HolyFolder\\Software Development\\From Other Persons\\API-Spotify-LeiferMendez\\src\\models\\tracks.js": {"path":"C:\\Users\\SERGIO SIERRA\\Documents\\HolyFolder\\Software Development\\From Other Persons\\API-Spotify-LeiferMendez\\src\\models\\tracks.js","statementMap":{"0":{"start":{"line":1,"column":17},"end":{"line":1,"column":36}},"1":{"start":{"line":2,"column":25},"end":{"line":2,"column":56}},"2":{"start":{"line":3,"column":34},"end":{"line":3,"column":75}},"3":{"start":{"line":4,"column":22},"end":{"line":4,"column":48}},"4":{"start":{"line":6,"column":21},"end":{"line":50,"column":1}},"5":{"start":{"line":18,"column":10},"end":{"line":18,"column":22}},"6":{"start":{"line":51,"column":0},"end":{"line":51,"column":38}},"7":{"start":{"line":52,"column":0},"end":{"line":52,"column":47}},"8":{"start":{"line":53,"column":0},"end":{"line":53,"column":77}},"9":{"start":{"line":54,"column":20},"end":{"line":54,"column":58}},"10":{"start":{"line":55,"column":0},"end":{"line":55,"column":32}}},"fnMap":{"0":{"name":"(anonymous_0)","decl":{"start":{"line":17,"column":19},"end":{"line":17,"column":20}},"loc":{"start":{"line":17,"column":28},"end":{"line":19,"column":9}},"line":17}},"branchMap":{},"s":{"0":1,"1":1,"2":1,"3":1,"4":1,"5":0,"6":1,"7":1,"8":1,"9":1,"10":1},"f":{"0":0},"b":{},"_coverageSchema":"1a1c01bbd47fc00a2c39e90264f33305004495a9","hash":"2111ba7114a82e9ca8907b69d10d148928039c9c"}
,"C:\\Users\\SERGIO SIERRA\\Documents\\HolyFolder\\Software Development\\From Other Persons\\API-Spotify-LeiferMendez\\src\\models\\users.js": {"path":"C:\\Users\\SERGIO SIERRA\\Documents\\HolyFolder\\Software Development\\From Other Persons\\API-Spotify-LeiferMendez\\src\\models\\users.js","statementMap":{"0":{"start":{"line":1,"column":17},"end":{"line":1,"column":36}},"1":{"start":{"line":2,"column":25},"end":{"line":2,"column":56}},"2":{"start":{"line":3,"column":34},"end":{"line":3,"column":75}},"3":{"start":{"line":4,"column":22},"end":{"line":4,"column":48}},"4":{"start":{"line":6,"column":19},"end":{"line":30,"column":1}},"5":{"start":{"line":31,"column":0},"end":{"line":31,"column":31}},"6":{"start":{"line":32,"column":0},"end":{"line":32,"column":36}},"7":{"start":{"line":33,"column":0},"end":{"line":33,"column":45}},"8":{"start":{"line":34,"column":0},"end":{"line":34,"column":77}},"9":{"start":{"line":35,"column":18},"end":{"line":35,"column":53}},"10":{"start":{"line":36,"column":0},"end":{"line":36,"column":30}}},"fnMap":{},"branchMap":{},"s":{"0":1,"1":1,"2":1,"3":1,"4":1,"5":1,"6":1,"7":1,"8":1,"9":1,"10":1},"f":{},"b":{},"_coverageSchema":"1a1c01bbd47fc00a2c39e90264f33305004495a9","hash":"a06dbacbdb91c868d0cb3ce13aba83c14dd5cc26"}
,"C:\\Users\\SERGIO SIERRA\\Documents\\HolyFolder\\Software Development\\From Other Persons\\API-Spotify-LeiferMendez\\src\\routes\\auth.js": {"path":"C:\\Users\\SERGIO SIERRA\\Documents\\HolyFolder\\Software Development\\From Other Persons\\API-Spotify-LeiferMendez\\src\\routes\\auth.js","statementMap":{"0":{"start":{"line":1,"column":16},"end":{"line":1,"column":34}},"1":{"start":{"line":2,"column":15},"end":{"line":2,"column":31}},"2":{"start":{"line":3,"column":36},"end":{"line":3,"column":66}},"3":{"start":{"line":4,"column":44},"end":{"line":4,"column":81}},"4":{"start":{"line":41,"column":0},"end":{"line":41,"column":57}},"5":{"start":{"line":72,"column":0},"end":{"line":72,"column":48}},"6":{"start":{"line":74,"column":0},"end":{"line":74,"column":24}}},"fnMap":{},"branchMap":{},"s":{"0":1,"1":1,"2":1,"3":1,"4":1,"5":1,"6":1},"f":{},"b":{},"_coverageSchema":"1a1c01bbd47fc00a2c39e90264f33305004495a9","hash":"70854aa503f5a95c90a60f20ea718ce5eb191033"}
,"C:\\Users\\SERGIO SIERRA\\Documents\\HolyFolder\\Software Development\\From Other Persons\\API-Spotify-LeiferMendez\\src\\routes\\index.js": {"path":"C:\\Users\\SERGIO SIERRA\\Documents\\HolyFolder\\Software Development\\From Other Persons\\API-Spotify-LeiferMendez\\src\\routes\\index.js","statementMap":{"0":{"start":{"line":1,"column":11},"end":{"line":1,"column":24}},"1":{"start":{"line":2,"column":16},"end":{"line":2,"column":34}},"2":{"start":{"line":3,"column":15},"end":{"line":3,"column":31}},"3":{"start":{"line":5,"column":19},"end":{"line":5,"column":33}},"4":{"start":{"line":7,"column":24},"end":{"line":9,"column":1}},"5":{"start":{"line":8,"column":4},"end":{"line":8,"column":38}},"6":{"start":{"line":11,"column":0},"end":{"line":18,"column":2}},"7":{"start":{"line":12,"column":27},"end":{"line":12,"column":48}},"8":{"start":{"line":13,"column":17},"end":{"line":13,"column":51}},"9":{"start":{"line":14,"column":4},"end":{"line":17,"column":5}},"10":{"start":{"line":15,"column":8},"end":{"line":15,"column":72}},"11":{"start":{"line":16,"column":8},"end":{"line":16,"column":56}},"12":{"start":{"line":20,"column":0},"end":{"line":23,"column":2}},"13":{"start":{"line":21,"column":4},"end":{"line":21,"column":19}},"14":{"start":{"line":22,"column":4},"end":{"line":22,"column":36}},"15":{"start":{"line":25,"column":0},"end":{"line":25,"column":23}}},"fnMap":{"0":{"name":"(anonymous_0)","decl":{"start":{"line":7,"column":24},"end":{"line":7,"column":25}},"loc":{"start":{"line":7,"column":38},"end":{"line":9,"column":1}},"line":7},"1":{"name":"(anonymous_1)","decl":{"start":{"line":11,"column":34},"end":{"line":11,"column":35}},"loc":{"start":{"line":11,"column":44},"end":{"line":18,"column":1}},"line":11},"2":{"name":"(anonymous_2)","decl":{"start":{"line":20,"column":16},"end":{"line":20,"column":17}},"loc":{"start":{"line":20,"column":30},"end":{"line":23,"column":1}},"line":20}},"branchMap":{"0":{"loc":{"start":{"line":14,"column":4},"end":{"line":17,"column":5}},"type":"if","locations":[{"start":{"line":14,"column":4},"end":{"line":17,"column":5}},{"start":{},"end":{}}],"line":14}},"s":{"0":1,"1":1,"2":1,"3":1,"4":1,"5":4,"6":1,"7":4,"8":4,"9":4,"10":3,"11":3,"12":1,"13":0,"14":0,"15":1},"f":{"0":4,"1":4,"2":0},"b":{"0":[3,1]},"_coverageSchema":"1a1c01bbd47fc00a2c39e90264f33305004495a9","hash":"3ea58fabafdb29e21f925fc07d271db8e9019101"}
,"C:\\Users\\SERGIO SIERRA\\Documents\\HolyFolder\\Software Development\\From Other Persons\\API-Spotify-LeiferMendez\\src\\routes\\storage.js": {"path":"C:\\Users\\SERGIO SIERRA\\Documents\\HolyFolder\\Software Development\\From Other Persons\\API-Spotify-LeiferMendez\\src\\routes\\storage.js","statementMap":{"0":{"start":{"line":1,"column":16},"end":{"line":1,"column":34}},"1":{"start":{"line":2,"column":15},"end":{"line":2,"column":31}},"2":{"start":{"line":3,"column":54},"end":{"line":3,"column":87}},"3":{"start":{"line":4,"column":23},"end":{"line":4,"column":63}},"4":{"start":{"line":5,"column":19},"end":{"line":5,"column":53}},"5":{"start":{"line":26,"column":0},"end":{"line":26,"column":52}},"6":{"start":{"line":55,"column":0},"end":{"line":55,"column":26}},"7":{"start":{"line":89,"column":0},"end":{"line":89,"column":40}},"8":{"start":{"line":118,"column":0},"end":{"line":118,"column":46}},"9":{"start":{"line":122,"column":0},"end":{"line":122,"column":24}}},"fnMap":{},"branchMap":{},"s":{"0":1,"1":1,"2":1,"3":1,"4":1,"5":1,"6":1,"7":1,"8":1,"9":1},"f":{},"b":{},"_coverageSchema":"1a1c01bbd47fc00a2c39e90264f33305004495a9","hash":"1eee95e57e329d53cb6f3ddcb8e7227c4b6c90f2"}
,"C:\\Users\\SERGIO SIERRA\\Documents\\HolyFolder\\Software Development\\From Other Persons\\API-Spotify-LeiferMendez\\src\\routes\\tracks.js": {"path":"C:\\Users\\SERGIO SIERRA\\Documents\\HolyFolder\\Software Development\\From Other Persons\\API-Spotify-LeiferMendez\\src\\routes\\tracks.js","statementMap":{"0":{"start":{"line":1,"column":16},"end":{"line":1,"column":34}},"1":{"start":{"line":2,"column":15},"end":{"line":2,"column":31}},"2":{"start":{"line":3,"column":65},"end":{"line":3,"column":97}},"3":{"start":{"line":4,"column":23},"end":{"line":4,"column":60}},"4":{"start":{"line":5,"column":26},"end":{"line":5,"column":62}},"5":{"start":{"line":6,"column":74},"end":{"line":6,"column":113}},"6":{"start":{"line":27,"column":0},"end":{"line":27,"column":42}},"7":{"start":{"line":56,"column":0},"end":{"line":56,"column":56}},"8":{"start":{"line":84,"column":0},"end":{"line":90,"column":2}},"9":{"start":{"line":124,"column":0},"end":{"line":124,"column":73}},"10":{"start":{"line":153,"column":0},"end":{"line":153,"column":62}},"11":{"start":{"line":155,"column":0},"end":{"line":155,"column":24}}},"fnMap":{},"branchMap":{},"s":{"0":1,"1":1,"2":1,"3":1,"4":1,"5":1,"6":1,"7":1,"8":1,"9":1,"10":1,"11":1},"f":{},"b":{},"_coverageSchema":"1a1c01bbd47fc00a2c39e90264f33305004495a9","hash":"290b0a743baa44ffb25b36ecf3650205a60af99f"}
,"C:\\Users\\SERGIO SIERRA\\Documents\\HolyFolder\\Software Development\\From Other Persons\\API-Spotify-LeiferMendez\\src\\services\\handleError.js": {"path":"C:\\Users\\SERGIO SIERRA\\Documents\\HolyFolder\\Software Development\\From Other Persons\\API-Spotify-LeiferMendez\\src\\services\\handleError.js","statementMap":{"0":{"start":{"line":1,"column":24},"end":{"line":5,"column":1}},"1":{"start":{"line":2,"column":2},"end":{"line":2,"column":30}},"2":{"start":{"line":3,"column":2},"end":{"line":3,"column":18}},"3":{"start":{"line":4,"column":2},"end":{"line":4,"column":31}},"4":{"start":{"line":13,"column":28},"end":{"line":17,"column":1}},"5":{"start":{"line":14,"column":2},"end":{"line":14,"column":32}},"6":{"start":{"line":15,"column":2},"end":{"line":15,"column":19}},"7":{"start":{"line":16,"column":2},"end":{"line":16,"column":31}},"8":{"start":{"line":19,"column":0},"end":{"line":19,"column":58}}},"fnMap":{"0":{"name":"(anonymous_0)","decl":{"start":{"line":1,"column":24},"end":{"line":1,"column":25}},"loc":{"start":{"line":1,"column":40},"end":{"line":5,"column":1}},"line":1},"1":{"name":"(anonymous_1)","decl":{"start":{"line":13,"column":28},"end":{"line":13,"column":29}},"loc":{"start":{"line":13,"column":75},"end":{"line":17,"column":1}},"line":13}},"branchMap":{"0":{"loc":{"start":{"line":13,"column":34},"end":{"line":13,"column":58}},"type":"default-arg","locations":[{"start":{"line":13,"column":44},"end":{"line":13,"column":58}}],"line":13},"1":{"loc":{"start":{"line":13,"column":60},"end":{"line":13,"column":70}},"type":"default-arg","locations":[{"start":{"line":13,"column":67},"end":{"line":13,"column":70}}],"line":13}},"s":{"0":1,"1":0,"2":0,"3":0,"4":1,"5":1,"6":1,"7":1,"8":1},"f":{"0":0,"1":1},"b":{"0":[0],"1":[0]},"_coverageSchema":"1a1c01bbd47fc00a2c39e90264f33305004495a9","hash":"09898c2a9b5f1ad62e3da09bab8209b8762ea147"}
,"C:\\Users\\SERGIO SIERRA\\Documents\\HolyFolder\\Software Development\\From Other Persons\\API-Spotify-LeiferMendez\\src\\services\\handleStore.js": {"path":"C:\\Users\\SERGIO SIERRA\\Documents\\HolyFolder\\Software Development\\From Other Persons\\API-Spotify-LeiferMendez\\src\\services\\handleStore.js","statementMap":{"0":{"start":{"line":1,"column":15},"end":{"line":1,"column":32}},"1":{"start":{"line":3,"column":16},"end":{"line":12,"column":2}},"2":{"start":{"line":5,"column":4},"end":{"line":5,"column":40}},"3":{"start":{"line":8,"column":16},"end":{"line":8,"column":50}},"4":{"start":{"line":9,"column":21},"end":{"line":9,"column":48}},"5":{"start":{"line":10,"column":4},"end":{"line":10,"column":23}},"6":{"start":{"line":14,"column":15},"end":{"line":14,"column":34}},"7":{"start":{"line":16,"column":0},"end":{"line":16,"column":28}}},"fnMap":{"0":{"name":"(anonymous_0)","decl":{"start":{"line":4,"column":15},"end":{"line":4,"column":16}},"loc":{"start":{"line":4,"column":40},"end":{"line":6,"column":3}},"line":4},"1":{"name":"(anonymous_1)","decl":{"start":{"line":7,"column":12},"end":{"line":7,"column":13}},"loc":{"start":{"line":7,"column":37},"end":{"line":11,"column":3}},"line":7}},"branchMap":{},"s":{"0":1,"1":1,"2":0,"3":0,"4":0,"5":0,"6":1,"7":1},"f":{"0":0,"1":0},"b":{},"_coverageSchema":"1a1c01bbd47fc00a2c39e90264f33305004495a9","hash":"ab27e4397daf039f1a4c79b2d75a8b7f81fb0a9a"}
,"C:\\Users\\SERGIO SIERRA\\Documents\\HolyFolder\\Software Development\\From Other Persons\\API-Spotify-LeiferMendez\\src\\services\\handleValidator.js": {"path":"C:\\Users\\SERGIO SIERRA\\Documents\\HolyFolder\\Software Development\\From Other Persons\\API-Spotify-LeiferMendez\\src\\services\\handleValidator.js","statementMap":{"0":{"start":{"line":1,"column":29},"end":{"line":1,"column":57}},"1":{"start":{"line":3,"column":23},"end":{"line":11,"column":1}},"2":{"start":{"line":4,"column":4},"end":{"line":10,"column":5}},"3":{"start":{"line":5,"column":8},"end":{"line":5,"column":37}},"4":{"start":{"line":6,"column":8},"end":{"line":6,"column":21}},"5":{"start":{"line":8,"column":8},"end":{"line":8,"column":23}},"6":{"start":{"line":9,"column":8},"end":{"line":9,"column":41}},"7":{"start":{"line":13,"column":0},"end":{"line":13,"column":35}}},"fnMap":{"0":{"name":"(anonymous_0)","decl":{"start":{"line":3,"column":23},"end":{"line":3,"column":24}},"loc":{"start":{"line":3,"column":43},"end":{"line":11,"column":1}},"line":3}},"branchMap":{},"s":{"0":1,"1":1,"2":1,"3":1,"4":1,"5":0,"6":0,"7":1},"f":{"0":1},"b":{},"_coverageSchema":"1a1c01bbd47fc00a2c39e90264f33305004495a9","hash":"ad9f0f5e0d2134e20388a9473304d4f6c76b0d38"}
,"C:\\Users\\SERGIO SIERRA\\Documents\\HolyFolder\\Software Development\\From Other Persons\\API-Spotify-LeiferMendez\\src\\services\\hashingService.js": {"path":"C:\\Users\\SERGIO SIERRA\\Documents\\HolyFolder\\Software Development\\From Other Persons\\API-Spotify-LeiferMendez\\src\\services\\hashingService.js","statementMap":{"0":{"start":{"line":1,"column":15},"end":{"line":1,"column":34}},"1":{"start":{"line":8,"column":16},"end":{"line":11,"column":1}},"2":{"start":{"line":9,"column":15},"end":{"line":9,"column":47}},"3":{"start":{"line":10,"column":2},"end":{"line":10,"column":14}},"4":{"start":{"line":19,"column":16},"end":{"line":21,"column":1}},"5":{"start":{"line":20,"column":2},"end":{"line":20,"column":59}},"6":{"start":{"line":23,"column":0},"end":{"line":23,"column":38}}},"fnMap":{"0":{"name":"(anonymous_0)","decl":{"start":{"line":8,"column":16},"end":{"line":8,"column":17}},"loc":{"start":{"line":8,"column":37},"end":{"line":11,"column":1}},"line":8},"1":{"name":"(anonymous_1)","decl":{"start":{"line":19,"column":16},"end":{"line":19,"column":17}},"loc":{"start":{"line":19,"column":55},"end":{"line":21,"column":1}},"line":19}},"branchMap":{},"s":{"0":1,"1":1,"2":0,"3":0,"4":1,"5":0,"6":1},"f":{"0":0,"1":0},"b":{},"_coverageSchema":"1a1c01bbd47fc00a2c39e90264f33305004495a9","hash":"27e7d64845d445cc6678eb43a895aac589d7f6e0"}
,"C:\\Users\\SERGIO SIERRA\\Documents\\HolyFolder\\Software Development\\From Other Persons\\API-Spotify-LeiferMendez\\src\\services\\jwtService.js": {"path":"C:\\Users\\SERGIO SIERRA\\Documents\\HolyFolder\\Software Development\\From Other Persons\\API-Spotify-LeiferMendez\\src\\services\\jwtService.js","statementMap":{"0":{"start":{"line":1,"column":12},"end":{"line":1,"column":35}},"1":{"start":{"line":3,"column":18},"end":{"line":14,"column":1}},"2":{"start":{"line":4,"column":2},"end":{"line":13,"column":4}},"3":{"start":{"line":16,"column":20},"end":{"line":22,"column":1}},"4":{"start":{"line":17,"column":2},"end":{"line":21,"column":3}},"5":{"start":{"line":18,"column":4},"end":{"line":18,"column":53}},"6":{"start":{"line":20,"column":4},"end":{"line":20,"column":16}},"7":{"start":{"line":24,"column":19},"end":{"line":26,"column":1}},"8":{"start":{"line":25,"column":2},"end":{"line":25,"column":33}},"9":{"start":{"line":28,"column":0},"end":{"line":28,"column":56}}},"fnMap":{"0":{"name":"(anonymous_0)","decl":{"start":{"line":3,"column":18},"end":{"line":3,"column":19}},"loc":{"start":{"line":3,"column":34},"end":{"line":14,"column":1}},"line":3},"1":{"name":"(anonymous_1)","decl":{"start":{"line":16,"column":20},"end":{"line":16,"column":21}},"loc":{"start":{"line":16,"column":37},"end":{"line":22,"column":1}},"line":16},"2":{"name":"(anonymous_2)","decl":{"start":{"line":24,"column":19},"end":{"line":24,"column":20}},"loc":{"start":{"line":24,"column":30},"end":{"line":26,"column":1}},"line":24}},"branchMap":{},"s":{"0":1,"1":1,"2":0,"3":1,"4":0,"5":0,"6":0,"7":1,"8":0,"9":1},"f":{"0":0,"1":0,"2":0},"b":{},"_coverageSchema":"1a1c01bbd47fc00a2c39e90264f33305004495a9","hash":"d1394d19a2ad1d81ba166ba47f5760bb199e9aaf"}
}
